0 verbose cli /usr/local/Cellar/node/20.5.1/bin/node /usr/local/bin/npm
1 info using npm@9.8.0
2 info using node@v20.5.1
3 timing npm:load:whichnode Completed in 1ms
4 timing config:load:defaults Completed in 2ms
5 timing config:load:file:/usr/local/lib/node_modules/npm/npmrc Completed in 2ms
6 timing config:load:builtin Completed in 2ms
7 timing config:load:cli Completed in 2ms
8 timing config:load:env Completed in 0ms
9 timing config:load:project Completed in 1ms
10 timing config:load:file:/Users/isepp/.npmrc Completed in 0ms
11 timing config:load:user Completed in 0ms
12 timing config:load:file:/usr/local/etc/npmrc Completed in 0ms
13 timing config:load:global Completed in 0ms
14 timing config:load:setEnvs Completed in 1ms
15 timing config:load Completed in 9ms
16 timing npm:load:configload Completed in 9ms
17 timing config:load:flatten Completed in 2ms
18 timing npm:load:mkdirpcache Completed in 1ms
19 timing npm:load:mkdirplogs Completed in 0ms
20 verbose title npm version
21 verbose argv "version" "--json"
22 timing npm:load:setTitle Completed in 3ms
23 timing npm:load:display Completed in 1ms
24 verbose logfile logs-max:10 dir:/Users/isepp/.npm/_logs/2023-08-30T23_45_31_320Z-
25 verbose logfile /Users/isepp/.npm/_logs/2023-08-30T23_45_31_320Z-debug-0.log
26 timing npm:load:logFile Completed in 9ms
27 timing npm:load:timers Completed in 0ms
28 timing npm:load:configScope Completed in 0ms
29 timing npm:load Completed in 37ms
30 timing command:version Completed in 19ms
31 verbose exit 0
32 timing npm Completed in 206ms
33 info ok
