26979 : 2023-08-18 21:36:16,593 : INFO : telemetry.main : Attempt start. Configuration directory [/Users/isepp/.azure].
26979 : 2023-08-18 21:36:16,594 : INFO : telemetry.check : Positive: The /Users/isepp/.azure/telemetry.txt does not exist.
26979 : 2023-08-18 21:36:16,594 : DEBUG : telemetry.note : acquiring lock
26979 : 2023-08-18 21:36:16,594 : DEBUG : telemetry.note : acquired lock
26979 : 2023-08-18 21:36:16,594 : INFO : telemetry.note : Update the note mtime to 2023-08-18 21:36:16.594423
26979 : 2023-08-18 21:36:16,594 : WARNING : telemetry.note : Fail to parse or read the timestamp 'N/A' in the note file. Set the last send time to minimal. Reason: not readable
26979 : 2023-08-18 21:36:16,595 : INFO : telemetry.records : 1 cache files to move.
26979 : 2023-08-18 21:36:16,595 : INFO : telemetry.records : Create temp folder /var/folders/lf/24cs1jj13lx6kjmys0jy2sf80000gn/T/tmpfptm1q6d
26979 : 2023-08-18 21:36:16,595 : INFO : telemetry.records : Move file /Users/isepp/.azure/telemetry/cache to /var/folders/lf/24cs1jj13lx6kjmys0jy2sf80000gn/T/tmpfptm1q6d/cache
26979 : 2023-08-18 21:36:16,601 : INFO : telemetry.records : Processed file /var/folders/lf/24cs1jj13lx6kjmys0jy2sf80000gn/T/tmpfptm1q6d/cache into 1 records.
26979 : 2023-08-18 21:36:16,602 : INFO : telemetry.records : Remove directory /var/folders/lf/24cs1jj13lx6kjmys0jy2sf80000gn/T/tmpfptm1q6d
26979 : 2023-08-18 21:36:16,602 : INFO : telemetry.client : Accumulated 1 events. Flush the clients.
26979 : 2023-08-18 21:36:16,603 : INFO : telemetry.client : Flush client c4395b75-49cc-422c-bc95-c7d51aef5d46.
26979 : 2023-08-18 21:36:16,820 : INFO : telemetry.sender : Sending 3844 bytes
26979 : 2023-08-18 21:36:16,820 : INFO : telemetry.sender : Finish uploading in 0.217594 seconds.
26979 : 2023-08-18 21:36:16,821 : INFO : telemetry.note : Update the last send in note to 2023-08-18 21:36:16
26979 : 2023-08-18 21:36:16,821 : INFO : telemetry.note : Update the note mtime to 2023-08-18 21:36:16.821379
31373 : 2023-08-18 22:07:53,646 : INFO : telemetry.main : Attempt start. Configuration directory [/Users/isepp/.azure].
31373 : 2023-08-18 22:07:53,646 : INFO : telemetry.check : Returns Positive.
31373 : 2023-08-18 22:07:53,646 : DEBUG : telemetry.note : acquiring lock
31373 : 2023-08-18 22:07:53,646 : DEBUG : telemetry.note : acquired lock
31373 : 2023-08-18 22:07:53,646 : INFO : telemetry.note : Update the note mtime to 2023-08-18 22:07:53.646880
31373 : 2023-08-18 22:07:53,648 : INFO : telemetry.note : Read timestamp from the note. The last send was 2023-08-18 21:36:16.
31373 : 2023-08-18 22:07:53,648 : INFO : telemetry.records : No cache to be uploaded.
31373 : 2023-08-18 22:07:53,648 : INFO : telemetry.client : Accumulated 0 events. Flush the clients.
31373 : 2023-08-18 22:07:53,648 : INFO : telemetry.note : Update the last send in note to 2023-08-18 21:36:16
31373 : 2023-08-18 22:07:53,648 : INFO : telemetry.note : Update the note mtime to 2023-08-18 22:07:53.648915
6254 : 2023-08-30 20:25:41,666 : INFO : telemetry.main : Attempt start. Configuration directory [/Users/isepp/.azure].
6254 : 2023-08-30 20:25:41,666 : INFO : telemetry.check : Returns Positive.
6254 : 2023-08-30 20:25:41,667 : DEBUG : telemetry.note : acquiring lock
6254 : 2023-08-30 20:25:41,667 : DEBUG : telemetry.note : acquired lock
6254 : 2023-08-30 20:25:41,667 : INFO : telemetry.note : Update the note mtime to 2023-08-30 20:25:41.667438
6254 : 2023-08-30 20:25:41,673 : INFO : telemetry.note : Read timestamp from the note. The last send was 2023-08-18 21:36:16.
6254 : 2023-08-30 20:25:41,674 : INFO : telemetry.records : 1 cache files to move.
6254 : 2023-08-30 20:25:41,674 : INFO : telemetry.records : Create temp folder /var/folders/lf/24cs1jj13lx6kjmys0jy2sf80000gn/T/tmpzk77lqlq
6254 : 2023-08-30 20:25:41,674 : INFO : telemetry.records : Move file /Users/isepp/.azure/telemetry/cache to /var/folders/lf/24cs1jj13lx6kjmys0jy2sf80000gn/T/tmpzk77lqlq/cache
6254 : 2023-08-30 20:25:41,676 : INFO : telemetry.records : Processed file /var/folders/lf/24cs1jj13lx6kjmys0jy2sf80000gn/T/tmpzk77lqlq/cache into 6 records.
6254 : 2023-08-30 20:25:41,679 : INFO : telemetry.records : Remove directory /var/folders/lf/24cs1jj13lx6kjmys0jy2sf80000gn/T/tmpzk77lqlq
6254 : 2023-08-30 20:25:41,680 : INFO : telemetry.client : Accumulated 6 events. Flush the clients.
6254 : 2023-08-30 20:25:41,681 : INFO : telemetry.client : Flush client c4395b75-49cc-422c-bc95-c7d51aef5d46.
6254 : 2023-08-30 20:25:41,908 : INFO : telemetry.sender : Sending 23064 bytes
6254 : 2023-08-30 20:25:41,909 : INFO : telemetry.sender : Finish uploading in 0.227641 seconds.
6254 : 2023-08-30 20:25:41,909 : INFO : telemetry.note : Update the last send in note to 2023-08-30 20:25:41
6254 : 2023-08-30 20:25:41,909 : INFO : telemetry.note : Update the note mtime to 2023-08-30 20:25:41.909868
7159 : 2023-08-30 21:11:56,756 : INFO : telemetry.main : Attempt start. Configuration directory [/Users/isepp/.azure].
7159 : 2023-08-30 21:11:56,757 : INFO : telemetry.check : Returns Positive.
7159 : 2023-08-30 21:11:56,757 : DEBUG : telemetry.note : acquiring lock
7159 : 2023-08-30 21:11:56,757 : DEBUG : telemetry.note : acquired lock
7159 : 2023-08-30 21:11:56,757 : INFO : telemetry.note : Update the note mtime to 2023-08-30 21:11:56.757846
7159 : 2023-08-30 21:11:56,760 : INFO : telemetry.note : Read timestamp from the note. The last send was 2023-08-30 20:25:41.
7159 : 2023-08-30 21:11:56,761 : INFO : telemetry.records : No cache to be uploaded.
7159 : 2023-08-30 21:11:56,761 : INFO : telemetry.client : Accumulated 0 events. Flush the clients.
7159 : 2023-08-30 21:11:56,761 : INFO : telemetry.note : Update the last send in note to 2023-08-30 20:25:41
7159 : 2023-08-30 21:11:56,761 : INFO : telemetry.note : Update the note mtime to 2023-08-30 21:11:56.761704
7165 : 2023-08-30 21:11:56,932 : INFO : telemetry.main : Attempt start. Configuration directory [/Users/isepp/.azure].
7165 : 2023-08-30 21:11:56,932 : WARNING : telemetry.check : Negative: The /Users/isepp/.azure/telemetry.txt was modified at 2023-08-30 21:11:56.761704, which in less than 600.000000 s
7165 : 2023-08-30 21:11:56,932 : INFO : telemetry.main : Exit early. The note file indicates it is not a suitable time to upload telemetry.
8272 : 2023-08-30 21:22:23,702 : INFO : telemetry.main : Attempt start. Configuration directory [/Users/isepp/.azure].
8272 : 2023-08-30 21:22:23,703 : INFO : telemetry.check : Returns Positive.
8272 : 2023-08-30 21:22:23,703 : DEBUG : telemetry.note : acquiring lock
8272 : 2023-08-30 21:22:23,703 : DEBUG : telemetry.note : acquired lock
8272 : 2023-08-30 21:22:23,703 : INFO : telemetry.note : Update the note mtime to 2023-08-30 21:22:23.703879
8272 : 2023-08-30 21:22:23,706 : INFO : telemetry.note : Read timestamp from the note. The last send was 2023-08-30 20:25:41.
8272 : 2023-08-30 21:22:23,706 : INFO : telemetry.records : No cache to be uploaded.
8272 : 2023-08-30 21:22:23,706 : INFO : telemetry.client : Accumulated 0 events. Flush the clients.
8272 : 2023-08-30 21:22:23,706 : INFO : telemetry.note : Update the last send in note to 2023-08-30 20:25:41
8272 : 2023-08-30 21:22:23,706 : INFO : telemetry.note : Update the note mtime to 2023-08-30 21:22:23.706973
17907 : 2023-08-31 16:27:26,542 : INFO : telemetry.main : Attempt start. Configuration directory [/Users/isepp/.azure].
17907 : 2023-08-31 16:27:26,543 : INFO : telemetry.check : Returns Positive.
17907 : 2023-08-31 16:27:26,543 : DEBUG : telemetry.note : acquiring lock
17907 : 2023-08-31 16:27:26,543 : DEBUG : telemetry.note : acquired lock
17907 : 2023-08-31 16:27:26,544 : INFO : telemetry.note : Update the note mtime to 2023-08-31 16:27:26.544032
17907 : 2023-08-31 16:27:26,547 : INFO : telemetry.note : Read timestamp from the note. The last send was 2023-08-30 20:25:41.
17907 : 2023-08-31 16:27:26,548 : INFO : telemetry.records : 1 cache files to move.
17907 : 2023-08-31 16:27:26,548 : INFO : telemetry.records : Create temp folder /var/folders/lf/24cs1jj13lx6kjmys0jy2sf80000gn/T/tmp5zoda0cn
17907 : 2023-08-31 16:27:26,548 : INFO : telemetry.records : Move file /Users/isepp/.azure/telemetry/cache to /var/folders/lf/24cs1jj13lx6kjmys0jy2sf80000gn/T/tmp5zoda0cn/cache
17907 : 2023-08-31 16:27:26,549 : INFO : telemetry.records : Processed file /var/folders/lf/24cs1jj13lx6kjmys0jy2sf80000gn/T/tmp5zoda0cn/cache into 4 records.
17907 : 2023-08-31 16:27:26,552 : INFO : telemetry.records : Remove directory /var/folders/lf/24cs1jj13lx6kjmys0jy2sf80000gn/T/tmp5zoda0cn
17907 : 2023-08-31 16:27:26,553 : INFO : telemetry.client : Accumulated 4 events. Flush the clients.
17907 : 2023-08-31 16:27:26,554 : INFO : telemetry.client : Flush client c4395b75-49cc-422c-bc95-c7d51aef5d46.
17907 : 2023-08-31 16:27:26,784 : INFO : telemetry.sender : Sending 15376 bytes
17907 : 2023-08-31 16:27:26,784 : INFO : telemetry.sender : Finish uploading in 0.229905 seconds.
17907 : 2023-08-31 16:27:26,784 : INFO : telemetry.note : Update the last send in note to 2023-08-31 16:27:26
17907 : 2023-08-31 16:27:26,785 : INFO : telemetry.note : Update the note mtime to 2023-08-31 16:27:26.785087
22847 : 2023-08-31 17:29:42,369 : INFO : telemetry.main : Attempt start. Configuration directory [/Users/isepp/.azure].
22847 : 2023-08-31 17:29:42,369 : INFO : telemetry.check : Returns Positive.
22847 : 2023-08-31 17:29:42,370 : DEBUG : telemetry.note : acquiring lock
22847 : 2023-08-31 17:29:42,370 : DEBUG : telemetry.note : acquired lock
22847 : 2023-08-31 17:29:42,370 : INFO : telemetry.note : Update the note mtime to 2023-08-31 17:29:42.370461
22847 : 2023-08-31 17:29:42,373 : INFO : telemetry.note : Read timestamp from the note. The last send was 2023-08-31 16:27:26.
22847 : 2023-08-31 17:29:42,374 : INFO : telemetry.records : 1 cache files to move.
22847 : 2023-08-31 17:29:42,374 : INFO : telemetry.records : Create temp folder /var/folders/lf/24cs1jj13lx6kjmys0jy2sf80000gn/T/tmp77ox0zbn
22847 : 2023-08-31 17:29:42,375 : INFO : telemetry.records : Move file /Users/isepp/.azure/telemetry/cache to /var/folders/lf/24cs1jj13lx6kjmys0jy2sf80000gn/T/tmp77ox0zbn/cache
22847 : 2023-08-31 17:29:42,375 : INFO : telemetry.records : Processed file /var/folders/lf/24cs1jj13lx6kjmys0jy2sf80000gn/T/tmp77ox0zbn/cache into 1 records.
22847 : 2023-08-31 17:29:42,375 : INFO : telemetry.records : Remove directory /var/folders/lf/24cs1jj13lx6kjmys0jy2sf80000gn/T/tmp77ox0zbn
22847 : 2023-08-31 17:29:42,377 : INFO : telemetry.client : Accumulated 1 events. Flush the clients.
22847 : 2023-08-31 17:29:42,377 : INFO : telemetry.client : Flush client c4395b75-49cc-422c-bc95-c7d51aef5d46.
22847 : 2023-08-31 17:29:42,584 : INFO : telemetry.sender : Sending 3844 bytes
22847 : 2023-08-31 17:29:42,585 : INFO : telemetry.sender : Finish uploading in 0.207587 seconds.
22847 : 2023-08-31 17:29:42,586 : INFO : telemetry.note : Update the last send in note to 2023-08-31 17:29:42
22847 : 2023-08-31 17:29:42,586 : INFO : telemetry.note : Update the note mtime to 2023-08-31 17:29:42.586779
29625 : 2023-08-31 17:53:36,055 : INFO : telemetry.main : Attempt start. Configuration directory [/Users/isepp/.azure].
29625 : 2023-08-31 17:53:36,056 : INFO : telemetry.check : Returns Positive.
29625 : 2023-08-31 17:53:36,056 : DEBUG : telemetry.note : acquiring lock
29625 : 2023-08-31 17:53:36,056 : DEBUG : telemetry.note : acquired lock
29625 : 2023-08-31 17:53:36,056 : INFO : telemetry.note : Update the note mtime to 2023-08-31 17:53:36.056783
29625 : 2023-08-31 17:53:36,060 : INFO : telemetry.note : Read timestamp from the note. The last send was 2023-08-31 17:29:42.
29625 : 2023-08-31 17:53:36,061 : INFO : telemetry.records : No cache to be uploaded.
29625 : 2023-08-31 17:53:36,061 : INFO : telemetry.client : Accumulated 0 events. Flush the clients.
29625 : 2023-08-31 17:53:36,061 : INFO : telemetry.note : Update the last send in note to 2023-08-31 17:29:42
29625 : 2023-08-31 17:53:36,061 : INFO : telemetry.note : Update the note mtime to 2023-08-31 17:53:36.061715
5789 : 2023-09-21 13:35:30,065 : INFO : telemetry.main : Attempt start. Configuration directory [/Users/isepp/.azure].
5789 : 2023-09-21 13:35:30,066 : DEBUG : telemetry.note : acquiring lock
5789 : 2023-09-21 13:35:30,066 : DEBUG : telemetry.note : acquired lock
5789 : 2023-09-21 13:35:30,066 : INFO : telemetry.note : Update the note mtime to 2023-09-21 13:35:30.066490
5789 : 2023-09-21 13:35:30,069 : INFO : telemetry.note : Read timestamp from the note. The last send was 2023-08-31 17:29:42.
5789 : 2023-09-21 13:35:30,069 : INFO : telemetry.records : 1 cache files to move.
5789 : 2023-09-21 13:35:30,069 : INFO : telemetry.records : Create temp folder /var/folders/lf/24cs1jj13lx6kjmys0jy2sf80000gn/T/tmp4h9cvgf6
5789 : 2023-09-21 13:35:30,070 : INFO : telemetry.records : Move file /Users/isepp/.azure/telemetry/cache to /var/folders/lf/24cs1jj13lx6kjmys0jy2sf80000gn/T/tmp4h9cvgf6/cache
5789 : 2023-09-21 13:35:30,071 : INFO : telemetry.records : Processed file /var/folders/lf/24cs1jj13lx6kjmys0jy2sf80000gn/T/tmp4h9cvgf6/cache into 3 records.
5789 : 2023-09-21 13:35:30,073 : INFO : telemetry.records : Remove directory /var/folders/lf/24cs1jj13lx6kjmys0jy2sf80000gn/T/tmp4h9cvgf6
5789 : 2023-09-21 13:35:30,074 : INFO : telemetry.client : Accumulated 3 events. Flush the clients.
5789 : 2023-09-21 13:35:30,074 : INFO : telemetry.client : Flush client c4395b75-49cc-422c-bc95-c7d51aef5d46.
5789 : 2023-09-21 13:35:30,627 : INFO : telemetry.sender : Sending 11557 bytes
5789 : 2023-09-21 13:35:30,627 : INFO : telemetry.sender : Finish uploading in 0.552655 seconds.
5789 : 2023-09-21 13:35:30,628 : INFO : telemetry.note : Update the last send in note to 2023-09-21 13:35:29
5789 : 2023-09-21 13:35:30,628 : INFO : telemetry.note : Update the note mtime to 2023-09-21 13:35:30.628535
5881 : 2023-09-21 13:35:41,284 : INFO : telemetry.main : Attempt start. Configuration directory [/Users/isepp/.azure].
5881 : 2023-09-21 13:35:41,284 : DEBUG : telemetry.note : acquiring lock
5881 : 2023-09-21 13:35:41,284 : DEBUG : telemetry.note : acquired lock
5881 : 2023-09-21 13:35:41,284 : INFO : telemetry.note : Update the note mtime to 2023-09-21 13:35:41.284479
5881 : 2023-09-21 13:35:41,286 : INFO : telemetry.note : Read timestamp from the note. The last send was 2023-09-21 13:35:29.
5881 : 2023-09-21 13:35:41,286 : INFO : telemetry.records : 1 cache files to move.
5881 : 2023-09-21 13:35:41,286 : INFO : telemetry.records : Create temp folder /var/folders/lf/24cs1jj13lx6kjmys0jy2sf80000gn/T/tmpi12w8sl8
5881 : 2023-09-21 13:35:41,287 : INFO : telemetry.records : Move file /Users/isepp/.azure/telemetry/cache to /var/folders/lf/24cs1jj13lx6kjmys0jy2sf80000gn/T/tmpi12w8sl8/cache
5881 : 2023-09-21 13:35:41,287 : INFO : telemetry.records : Processed file /var/folders/lf/24cs1jj13lx6kjmys0jy2sf80000gn/T/tmpi12w8sl8/cache into 1 records.
5881 : 2023-09-21 13:35:41,288 : INFO : telemetry.records : Remove directory /var/folders/lf/24cs1jj13lx6kjmys0jy2sf80000gn/T/tmpi12w8sl8
5881 : 2023-09-21 13:35:41,289 : INFO : telemetry.client : Accumulated 1 events. Flush the clients.
5881 : 2023-09-21 13:35:41,289 : INFO : telemetry.client : Flush client c4395b75-49cc-422c-bc95-c7d51aef5d46.
5881 : 2023-09-21 13:35:41,440 : INFO : telemetry.sender : Sending 3856 bytes
5881 : 2023-09-21 13:35:41,440 : INFO : telemetry.sender : Finish uploading in 0.151132 seconds.
5881 : 2023-09-21 13:35:41,441 : INFO : telemetry.note : Update the last send in note to 2023-09-21 13:35:41
5881 : 2023-09-21 13:35:41,441 : INFO : telemetry.note : Update the note mtime to 2023-09-21 13:35:41.441428
6034 : 2023-09-21 13:36:35,189 : INFO : telemetry.main : Attempt start. Configuration directory [/Users/isepp/.azure].
6034 : 2023-09-21 13:36:35,189 : DEBUG : telemetry.note : acquiring lock
6034 : 2023-09-21 13:36:35,189 : DEBUG : telemetry.note : acquired lock
6034 : 2023-09-21 13:36:35,189 : INFO : telemetry.note : Update the note mtime to 2023-09-21 13:36:35.189423
6034 : 2023-09-21 13:36:35,191 : INFO : telemetry.note : Read timestamp from the note. The last send was 2023-09-21 13:35:41.
6034 : 2023-09-21 13:36:35,191 : INFO : telemetry.records : 1 cache files to move.
6034 : 2023-09-21 13:36:35,191 : INFO : telemetry.records : Create temp folder /var/folders/lf/24cs1jj13lx6kjmys0jy2sf80000gn/T/tmpx20dr31c
6034 : 2023-09-21 13:36:35,191 : INFO : telemetry.records : Move file /Users/isepp/.azure/telemetry/cache to /var/folders/lf/24cs1jj13lx6kjmys0jy2sf80000gn/T/tmpx20dr31c/cache
6034 : 2023-09-21 13:36:35,192 : INFO : telemetry.records : Processed file /var/folders/lf/24cs1jj13lx6kjmys0jy2sf80000gn/T/tmpx20dr31c/cache into 1 records.
6034 : 2023-09-21 13:36:35,192 : INFO : telemetry.records : Remove directory /var/folders/lf/24cs1jj13lx6kjmys0jy2sf80000gn/T/tmpx20dr31c
6034 : 2023-09-21 13:36:35,193 : INFO : telemetry.client : Accumulated 1 events. Flush the clients.
6034 : 2023-09-21 13:36:35,193 : INFO : telemetry.client : Flush client c4395b75-49cc-422c-bc95-c7d51aef5d46.
6034 : 2023-09-21 13:36:35,368 : INFO : telemetry.sender : Sending 3856 bytes
6034 : 2023-09-21 13:36:35,369 : INFO : telemetry.sender : Finish uploading in 0.175447 seconds.
6034 : 2023-09-21 13:36:35,369 : INFO : telemetry.note : Update the last send in note to 2023-09-21 13:36:34
6034 : 2023-09-21 13:36:35,369 : INFO : telemetry.note : Update the note mtime to 2023-09-21 13:36:35.369587
7793 : 2023-09-21 17:38:25,964 : INFO : telemetry.main : Attempt start. Configuration directory [/Users/isepp/.azure].
7793 : 2023-09-21 17:38:25,965 : DEBUG : telemetry.note : acquiring lock
7793 : 2023-09-21 17:38:25,965 : DEBUG : telemetry.note : acquired lock
7793 : 2023-09-21 17:38:25,965 : INFO : telemetry.note : Update the note mtime to 2023-09-21 17:38:25.965512
7793 : 2023-09-21 17:38:25,967 : INFO : telemetry.note : Read timestamp from the note. The last send was 2023-09-21 13:36:34.
7793 : 2023-09-21 17:38:25,968 : INFO : telemetry.records : 1 cache files to move.
7793 : 2023-09-21 17:38:25,968 : INFO : telemetry.records : Create temp folder /var/folders/lf/24cs1jj13lx6kjmys0jy2sf80000gn/T/tmp2dtr8p3y
7793 : 2023-09-21 17:38:25,968 : INFO : telemetry.records : Move file /Users/isepp/.azure/telemetry/cache to /var/folders/lf/24cs1jj13lx6kjmys0jy2sf80000gn/T/tmp2dtr8p3y/cache
7793 : 2023-09-21 17:38:25,968 : INFO : telemetry.records : Processed file /var/folders/lf/24cs1jj13lx6kjmys0jy2sf80000gn/T/tmp2dtr8p3y/cache into 1 records.
7793 : 2023-09-21 17:38:25,968 : INFO : telemetry.records : Remove directory /var/folders/lf/24cs1jj13lx6kjmys0jy2sf80000gn/T/tmp2dtr8p3y
7793 : 2023-09-21 17:38:25,969 : INFO : telemetry.client : Accumulated 1 events. Flush the clients.
7793 : 2023-09-21 17:38:25,969 : INFO : telemetry.client : Flush client c4395b75-49cc-422c-bc95-c7d51aef5d46.
7793 : 2023-09-21 17:38:26,183 : INFO : telemetry.sender : Sending 3856 bytes
7793 : 2023-09-21 17:38:26,184 : INFO : telemetry.sender : Finish uploading in 0.214079 seconds.
7793 : 2023-09-21 17:38:26,184 : INFO : telemetry.note : Update the last send in note to 2023-09-21 17:38:25
7793 : 2023-09-21 17:38:26,184 : INFO : telemetry.note : Update the note mtime to 2023-09-21 17:38:26.184767
8485 : 2023-09-21 18:34:12,414 : INFO : telemetry.main : Attempt start. Configuration directory [/Users/isepp/.azure].
8485 : 2023-09-21 18:34:12,414 : DEBUG : telemetry.note : acquiring lock
8485 : 2023-09-21 18:34:12,414 : DEBUG : telemetry.note : acquired lock
8485 : 2023-09-21 18:34:12,415 : INFO : telemetry.note : Update the note mtime to 2023-09-21 18:34:12.415063
8485 : 2023-09-21 18:34:12,416 : INFO : telemetry.note : Read timestamp from the note. The last send was 2023-09-21 17:38:25.
8485 : 2023-09-21 18:34:12,417 : INFO : telemetry.records : 1 cache files to move.
8485 : 2023-09-21 18:34:12,417 : INFO : telemetry.records : Create temp folder /var/folders/lf/24cs1jj13lx6kjmys0jy2sf80000gn/T/tmpx6aaxton
8485 : 2023-09-21 18:34:12,417 : INFO : telemetry.records : Move file /Users/isepp/.azure/telemetry/cache to /var/folders/lf/24cs1jj13lx6kjmys0jy2sf80000gn/T/tmpx6aaxton/cache
8485 : 2023-09-21 18:34:12,417 : INFO : telemetry.records : Processed file /var/folders/lf/24cs1jj13lx6kjmys0jy2sf80000gn/T/tmpx6aaxton/cache into 1 records.
8485 : 2023-09-21 18:34:12,418 : INFO : telemetry.records : Remove directory /var/folders/lf/24cs1jj13lx6kjmys0jy2sf80000gn/T/tmpx6aaxton
8485 : 2023-09-21 18:34:12,418 : INFO : telemetry.client : Accumulated 1 events. Flush the clients.
8485 : 2023-09-21 18:34:12,419 : INFO : telemetry.client : Flush client c4395b75-49cc-422c-bc95-c7d51aef5d46.
8485 : 2023-09-21 18:34:12,603 : INFO : telemetry.sender : Sending 3856 bytes
8485 : 2023-09-21 18:34:12,603 : INFO : telemetry.sender : Finish uploading in 0.184400 seconds.
8485 : 2023-09-21 18:34:12,603 : INFO : telemetry.note : Update the last send in note to 2023-09-21 18:34:12
8485 : 2023-09-21 18:34:12,603 : INFO : telemetry.note : Update the note mtime to 2023-09-21 18:34:12.603890
9446 : 2023-09-21 19:05:51,926 : INFO : telemetry.main : Attempt start. Configuration directory [/Users/isepp/.azure].
9446 : 2023-09-21 19:05:51,926 : DEBUG : telemetry.note : acquiring lock
9446 : 2023-09-21 19:05:51,926 : DEBUG : telemetry.note : acquired lock
9446 : 2023-09-21 19:05:51,926 : INFO : telemetry.note : Update the note mtime to 2023-09-21 19:05:51.926851
9446 : 2023-09-21 19:05:51,928 : INFO : telemetry.note : Read timestamp from the note. The last send was 2023-09-21 18:34:12.
9446 : 2023-09-21 19:05:51,928 : INFO : telemetry.records : 1 cache files to move.
9446 : 2023-09-21 19:05:51,929 : INFO : telemetry.records : Create temp folder /var/folders/lf/24cs1jj13lx6kjmys0jy2sf80000gn/T/tmpbywtkxda
9446 : 2023-09-21 19:05:51,929 : INFO : telemetry.records : Move file /Users/isepp/.azure/telemetry/cache to /var/folders/lf/24cs1jj13lx6kjmys0jy2sf80000gn/T/tmpbywtkxda/cache
9446 : 2023-09-21 19:05:51,929 : INFO : telemetry.records : Processed file /var/folders/lf/24cs1jj13lx6kjmys0jy2sf80000gn/T/tmpbywtkxda/cache into 1 records.
9446 : 2023-09-21 19:05:51,929 : INFO : telemetry.records : Remove directory /var/folders/lf/24cs1jj13lx6kjmys0jy2sf80000gn/T/tmpbywtkxda
9446 : 2023-09-21 19:05:51,930 : INFO : telemetry.client : Accumulated 1 events. Flush the clients.
9446 : 2023-09-21 19:05:51,930 : INFO : telemetry.client : Flush client c4395b75-49cc-422c-bc95-c7d51aef5d46.
9446 : 2023-09-21 19:05:52,139 : INFO : telemetry.sender : Sending 3856 bytes
9446 : 2023-09-21 19:05:52,139 : INFO : telemetry.sender : Finish uploading in 0.208723 seconds.
9446 : 2023-09-21 19:05:52,139 : INFO : telemetry.note : Update the last send in note to 2023-09-21 19:05:51
9446 : 2023-09-21 19:05:52,140 : INFO : telemetry.note : Update the note mtime to 2023-09-21 19:05:52.140241
12332 : 2023-09-21 21:11:51,119 : INFO : telemetry.main : Attempt start. Configuration directory [/Users/isepp/.azure].
12332 : 2023-09-21 21:11:51,120 : DEBUG : telemetry.note : acquiring lock
12332 : 2023-09-21 21:11:51,120 : DEBUG : telemetry.note : acquired lock
12332 : 2023-09-21 21:11:51,120 : INFO : telemetry.note : Update the note mtime to 2023-09-21 21:11:51.120412
12332 : 2023-09-21 21:11:51,121 : INFO : telemetry.note : Read timestamp from the note. The last send was 2023-09-21 19:05:51.
12332 : 2023-09-21 21:11:51,122 : INFO : telemetry.records : 1 cache files to move.
12332 : 2023-09-21 21:11:51,122 : INFO : telemetry.records : Create temp folder /var/folders/lf/24cs1jj13lx6kjmys0jy2sf80000gn/T/tmpnhl2o6yg
12332 : 2023-09-21 21:11:51,122 : INFO : telemetry.records : Move file /Users/isepp/.azure/telemetry/cache to /var/folders/lf/24cs1jj13lx6kjmys0jy2sf80000gn/T/tmpnhl2o6yg/cache
12332 : 2023-09-21 21:11:51,122 : INFO : telemetry.records : Processed file /var/folders/lf/24cs1jj13lx6kjmys0jy2sf80000gn/T/tmpnhl2o6yg/cache into 1 records.
12332 : 2023-09-21 21:11:51,123 : INFO : telemetry.records : Remove directory /var/folders/lf/24cs1jj13lx6kjmys0jy2sf80000gn/T/tmpnhl2o6yg
12332 : 2023-09-21 21:11:51,123 : INFO : telemetry.client : Accumulated 1 events. Flush the clients.
12332 : 2023-09-21 21:11:51,123 : INFO : telemetry.client : Flush client c4395b75-49cc-422c-bc95-c7d51aef5d46.
12332 : 2023-09-21 21:11:51,341 : INFO : telemetry.sender : Sending 3856 bytes
12332 : 2023-09-21 21:11:51,341 : INFO : telemetry.sender : Finish uploading in 0.217685 seconds.
12332 : 2023-09-21 21:11:51,342 : INFO : telemetry.note : Update the last send in note to 2023-09-21 21:11:50
12332 : 2023-09-21 21:11:51,342 : INFO : telemetry.note : Update the note mtime to 2023-09-21 21:11:51.342380
33634 : 2023-09-23 22:06:43,284 : INFO : telemetry.main : Attempt start. Configuration directory [/Users/isepp/.azure].
33634 : 2023-09-23 22:06:43,284 : DEBUG : telemetry.note : acquiring lock
33634 : 2023-09-23 22:06:43,284 : DEBUG : telemetry.note : acquired lock
33634 : 2023-09-23 22:06:43,285 : INFO : telemetry.note : Update the note mtime to 2023-09-23 22:06:43.285055
33634 : 2023-09-23 22:06:43,287 : INFO : telemetry.note : Read timestamp from the note. The last send was 2023-09-21 21:11:50.
33634 : 2023-09-23 22:06:43,288 : INFO : telemetry.records : 1 cache files to move.
33634 : 2023-09-23 22:06:43,288 : INFO : telemetry.records : Create temp folder /var/folders/lf/24cs1jj13lx6kjmys0jy2sf80000gn/T/tmpg6b07uk6
33634 : 2023-09-23 22:06:43,288 : INFO : telemetry.records : Move file /Users/isepp/.azure/telemetry/cache to /var/folders/lf/24cs1jj13lx6kjmys0jy2sf80000gn/T/tmpg6b07uk6/cache
33634 : 2023-09-23 22:06:43,288 : INFO : telemetry.records : Processed file /var/folders/lf/24cs1jj13lx6kjmys0jy2sf80000gn/T/tmpg6b07uk6/cache into 1 records.
33634 : 2023-09-23 22:06:43,288 : INFO : telemetry.records : Remove directory /var/folders/lf/24cs1jj13lx6kjmys0jy2sf80000gn/T/tmpg6b07uk6
33634 : 2023-09-23 22:06:43,289 : INFO : telemetry.client : Accumulated 1 events. Flush the clients.
33634 : 2023-09-23 22:06:43,289 : INFO : telemetry.client : Flush client c4395b75-49cc-422c-bc95-c7d51aef5d46.
33634 : 2023-09-23 22:06:43,535 : INFO : telemetry.sender : Sending 3850 bytes
33634 : 2023-09-23 22:06:43,535 : INFO : telemetry.sender : Finish uploading in 0.246003 seconds.
33634 : 2023-09-23 22:06:43,536 : INFO : telemetry.note : Update the last send in note to 2023-09-23 22:06:43
33634 : 2023-09-23 22:06:43,536 : INFO : telemetry.note : Update the note mtime to 2023-09-23 22:06:43.536638
33858 : 2023-09-23 22:07:55,533 : INFO : telemetry.main : Attempt start. Configuration directory [/Users/isepp/.azure].
33858 : 2023-09-23 22:07:55,533 : DEBUG : telemetry.note : acquiring lock
33858 : 2023-09-23 22:07:55,534 : DEBUG : telemetry.note : acquired lock
33858 : 2023-09-23 22:07:55,534 : INFO : telemetry.note : Update the note mtime to 2023-09-23 22:07:55.534164
33858 : 2023-09-23 22:07:55,535 : INFO : telemetry.note : Read timestamp from the note. The last send was 2023-09-23 22:06:43.
33858 : 2023-09-23 22:07:55,536 : INFO : telemetry.records : 1 cache files to move.
33858 : 2023-09-23 22:07:55,536 : INFO : telemetry.records : Create temp folder /var/folders/lf/24cs1jj13lx6kjmys0jy2sf80000gn/T/tmpn1tob2zv
33858 : 2023-09-23 22:07:55,537 : INFO : telemetry.records : Move file /Users/isepp/.azure/telemetry/cache to /var/folders/lf/24cs1jj13lx6kjmys0jy2sf80000gn/T/tmpn1tob2zv/cache
33858 : 2023-09-23 22:07:55,537 : INFO : telemetry.records : Processed file /var/folders/lf/24cs1jj13lx6kjmys0jy2sf80000gn/T/tmpn1tob2zv/cache into 1 records.
33858 : 2023-09-23 22:07:55,537 : INFO : telemetry.records : Remove directory /var/folders/lf/24cs1jj13lx6kjmys0jy2sf80000gn/T/tmpn1tob2zv
33858 : 2023-09-23 22:07:55,538 : INFO : telemetry.client : Accumulated 1 events. Flush the clients.
33858 : 2023-09-23 22:07:55,538 : INFO : telemetry.client : Flush client c4395b75-49cc-422c-bc95-c7d51aef5d46.
33858 : 2023-09-23 22:07:55,717 : INFO : telemetry.sender : Sending 3850 bytes
33858 : 2023-09-23 22:07:55,717 : INFO : telemetry.sender : Finish uploading in 0.179121 seconds.
33858 : 2023-09-23 22:07:55,717 : INFO : telemetry.note : Update the last send in note to 2023-09-23 22:07:55
33858 : 2023-09-23 22:07:55,717 : INFO : telemetry.note : Update the note mtime to 2023-09-23 22:07:55.717902
34244 : 2023-09-23 22:08:16,261 : INFO : telemetry.main : Attempt start. Configuration directory [/Users/isepp/.azure].
34244 : 2023-09-23 22:08:16,261 : DEBUG : telemetry.note : acquiring lock
34244 : 2023-09-23 22:08:16,262 : DEBUG : telemetry.note : acquired lock
34244 : 2023-09-23 22:08:16,262 : INFO : telemetry.note : Update the note mtime to 2023-09-23 22:08:16.262094
34244 : 2023-09-23 22:08:16,263 : INFO : telemetry.note : Read timestamp from the note. The last send was 2023-09-23 22:07:55.
34244 : 2023-09-23 22:08:16,263 : INFO : telemetry.records : 1 cache files to move.
34244 : 2023-09-23 22:08:16,263 : INFO : telemetry.records : Create temp folder /var/folders/lf/24cs1jj13lx6kjmys0jy2sf80000gn/T/tmpgdtj1nvs
34244 : 2023-09-23 22:08:16,264 : INFO : telemetry.records : Move file /Users/isepp/.azure/telemetry/cache to /var/folders/lf/24cs1jj13lx6kjmys0jy2sf80000gn/T/tmpgdtj1nvs/cache
34244 : 2023-09-23 22:08:16,264 : INFO : telemetry.records : Processed file /var/folders/lf/24cs1jj13lx6kjmys0jy2sf80000gn/T/tmpgdtj1nvs/cache into 1 records.
34244 : 2023-09-23 22:08:16,264 : INFO : telemetry.records : Remove directory /var/folders/lf/24cs1jj13lx6kjmys0jy2sf80000gn/T/tmpgdtj1nvs
34244 : 2023-09-23 22:08:16,265 : INFO : telemetry.client : Accumulated 1 events. Flush the clients.
34244 : 2023-09-23 22:08:16,265 : INFO : telemetry.client : Flush client c4395b75-49cc-422c-bc95-c7d51aef5d46.
34244 : 2023-09-23 22:08:16,395 : INFO : telemetry.sender : Sending 3850 bytes
34244 : 2023-09-23 22:08:16,396 : INFO : telemetry.sender : Finish uploading in 0.130599 seconds.
34244 : 2023-09-23 22:08:16,396 : INFO : telemetry.note : Update the last send in note to 2023-09-23 22:08:16
34244 : 2023-09-23 22:08:16,396 : INFO : telemetry.note : Update the note mtime to 2023-09-23 22:08:16.396366
