[WARN  Sat Aug  5 22:18:35 2023 2.4288341247184e+15] ...ite/pack/packer/start/packer.nvim/lua/packer/display.lua:612: Potential breaking change in commit e3a67df of jose-elias-alvarez/null-ls.nvim
[WARN  Sat Aug  5 22:18:35 2023 2.4288341254626e+15] ...ite/pack/packer/start/packer.nvim/lua/packer/display.lua:612: Potential breaking change in commit 8968a3a of nvim-treesitter/nvim-treesitter
[WARN  Sat Aug  5 22:18:35 2023 2.4288341255331e+15] ...ite/pack/packer/start/packer.nvim/lua/packer/display.lua:612: Potential breaking change in commit 2fb7359 of nvim-treesitter/nvim-treesitter
[WARN  Sat Aug  5 22:18:35 2023 2.4288341257296e+15] ...ite/pack/packer/start/packer.nvim/lua/packer/display.lua:612: Potential breaking change in commit ad3805f of nvim-treesitter/nvim-treesitter
[WARN  Sat Aug  5 22:18:35 2023 2.4288341258867e+15] ...ite/pack/packer/start/packer.nvim/lua/packer/display.lua:612: Potential breaking change in commit 46b1ad3 of nvim-treesitter/nvim-treesitter
[WARN  Sat Aug  5 22:18:35 2023 2.4288341259971e+15] ...ite/pack/packer/start/packer.nvim/lua/packer/display.lua:612: Potential breaking change in commit df3f47a of nvim-treesitter/nvim-treesitter
[WARN  Sat Aug  5 22:18:35 2023 2.4288341262276e+15] ...ite/pack/packer/start/packer.nvim/lua/packer/display.lua:612: Potential breaking change in commit 256569c of lewis6991/gitsigns.nvim
[WARN  Sat Aug  5 22:18:43 2023 2.4288423332128e+15] ...ite/pack/packer/start/packer.nvim/lua/packer/display.lua:682: No plugin selected!
[WARN  Sat Aug  5 22:18:44 2023 2.4288430125865e+15] ...ite/pack/packer/start/packer.nvim/lua/packer/display.lua:682: No plugin selected!
[WARN  Sat Aug  5 22:18:44 2023 2.4288433898361e+15] ...ite/pack/packer/start/packer.nvim/lua/packer/display.lua:682: No plugin selected!
[WARN  Sat Aug  5 22:18:44 2023 2.428843624344e+15] ...ite/pack/packer/start/packer.nvim/lua/packer/display.lua:682: No plugin selected!
[WARN  Sun Aug 20 10:45:06 2023 3.4943055122239e+14] ...ite/pack/packer/start/packer.nvim/lua/packer/display.lua:612: Potential breaking change in commit 0010ea9 of jose-elias-alvarez/null-ls.nvim
[WARN  Sun Aug 20 10:45:06 2023 3.4943055283914e+14] ...ite/pack/packer/start/packer.nvim/lua/packer/display.lua:612: Potential breaking change in commit 78b54eb of nvim-treesitter/nvim-treesitter
[WARN  Sun Aug 20 10:45:06 2023 3.4943055308508e+14] ...ite/pack/packer/start/packer.nvim/lua/packer/display.lua:612: Potential breaking change in commit 2aa9e9b of nvim-treesitter/nvim-treesitter
[WARN  Sun Aug 20 10:45:14 2023 3.4943826412262e+14] ...ite/pack/packer/start/packer.nvim/lua/packer/display.lua:682: No plugin selected!
[WARN  Sun Aug 20 10:45:15 2023 3.4943924416234e+14] ...ite/pack/packer/start/packer.nvim/lua/packer/display.lua:682: No plugin selected!
[WARN  Sun Aug 20 10:46:21 2023 3.495056641683e+14] ...ite/pack/packer/start/packer.nvim/lua/packer/display.lua:730: Unable to find the diff for this line
[WARN  Wed Aug 30 16:29:50 2023 1.2341288171238e+15] ...ite/pack/packer/start/packer.nvim/lua/packer/display.lua:612: Potential breaking change in commit ea0cc3c of wbthomason/packer.nvim
[WARN  Wed Aug 30 16:29:50 2023 1.2341288179998e+15] ...ite/pack/packer/start/packer.nvim/lua/packer/display.lua:612: Potential breaking change in commit 16c5798 of wbthomason/packer.nvim
[WARN  Wed Aug 30 16:30:41 2023 1.2341805523677e+15] ...ite/pack/packer/start/packer.nvim/lua/packer/display.lua:612: Potential breaking change in commit ea0cc3c of wbthomason/packer.nvim
[WARN  Wed Aug 30 16:30:41 2023 1.2341805524622e+15] ...ite/pack/packer/start/packer.nvim/lua/packer/display.lua:612: Potential breaking change in commit 16c5798 of wbthomason/packer.nvim
[WARN  Wed Aug 30 16:31:35 2023 1.2342338115156e+15] ...ite/pack/packer/start/packer.nvim/lua/packer/display.lua:612: Potential breaking change in commit ea0cc3c of wbthomason/packer.nvim
[WARN  Wed Aug 30 16:31:35 2023 1.2342338116029e+15] ...ite/pack/packer/start/packer.nvim/lua/packer/display.lua:612: Potential breaking change in commit 16c5798 of wbthomason/packer.nvim
[WARN  Wed Aug 30 16:50:18 2023 1.2353567730004e+15] ...ite/pack/packer/start/packer.nvim/lua/packer/display.lua:837: nvimdev/lspsaga.nvim wasn't updated; can't revert!
[WARN  Wed Aug 30 16:50:22 2023 1.2353616098331e+15] ...ite/pack/packer/start/packer.nvim/lua/packer/display.lua:837: nvimdev/lspsaga.nvim wasn't updated; can't revert!
[WARN  Wed Aug 30 16:55:08 2023 1.2356474571264e+15] ...ite/pack/packer/start/packer.nvim/lua/packer/display.lua:730: Unable to find the diff for this line
[WARN  Wed Aug 30 16:55:10 2023 1.2356492982659e+15] ...ite/pack/packer/start/packer.nvim/lua/packer/display.lua:730: Unable to find the diff for this line
[ERROR Wed Aug 30 16:55:42 2023 1.2356808272844e+15] .../site/pack/packer/start/packer.nvim/lua/packer/async.lua:20: Error in coroutine: ...ite/pack/packer/start/packer.nvim/lua/packer/install.lua:43: attempt to index a nil value
[WARN  Wed Aug 30 19:09:28 2023 1.2437069786965e+15] ...ite/pack/packer/start/packer.nvim/lua/packer/display.lua:837: nvimdev/lspsaga.nvim wasn't updated; can't revert!
[ERROR Wed Aug 30 19:12:01 2023 1.2438598541827e+15] ...site/pack/packer/start/packer.nvim/lua/packer/update.lua:118: Unknown plugin: rebase=true
[ERROR Wed Aug 30 19:12:01 2023 1.2438598543275e+15] .../site/pack/packer/start/packer.nvim/lua/packer/async.lua:20: Error in coroutine: ...e/nvim/site/pack/packer/start/packer.nvim/lua/packer.lua:536: attempt to index local 'display_win' (a nil value)
