[2023-05-31 11:55:28.245] [info] [console_user_server] version 14.12.0
[2023-05-31 11:55:28.438] [info] [console_user_server] on_console_changed: on_console:true
[2023-05-31 11:55:28.439] [info] [console_user_server] grabber_client is started.
[2023-05-31 11:55:28.440] [info] [console_user_server] grabber_client is connected.
[2023-05-31 11:55:28.806] [info] [console_user_server] core_configuration is updated.
[2023-05-31 11:55:58.970] [info] [console_user_server] Check for updates...
[2023-08-01 07:29:26.343] [info] [console_user_server] version 14.12.0
[2023-08-01 07:29:26.542] [info] [console_user_server] on_console_changed: on_console:true
[2023-08-01 07:29:26.545] [info] [console_user_server] grabber_client is started.
[2023-08-01 07:29:26.546] [info] [console_user_server] grabber_client is connected.
[2023-08-01 07:29:26.897] [info] [console_user_server] core_configuration is updated.
[2023-08-01 07:29:57.038] [info] [console_user_server] Check for updates...
[2023-08-30 19:42:31.354] [info] [console_user_server] version 14.12.0
[2023-08-30 19:42:31.666] [info] [console_user_server] on_console_changed: on_console:true
[2023-08-30 19:42:31.668] [info] [console_user_server] grabber_client is started.
[2023-08-30 19:42:31.669] [info] [console_user_server] grabber_client is connected.
[2023-08-30 19:42:32.153] [info] [console_user_server] core_configuration is updated.
[2023-08-30 19:43:02.315] [info] [console_user_server] Check for updates...
[2023-08-30 19:49:58.800] [info] [console_user_server] Load /Users/isepp/.config/karabiner/karabiner.json...
[2023-08-30 19:49:58.803] [info] [console_user_server] core_configuration is updated.
[2023-08-30 19:50:26.006] [info] [console_user_server] Load /Users/isepp/.config/karabiner/karabiner.json...
[2023-08-30 19:50:26.010] [info] [console_user_server] core_configuration is updated.
[2023-08-30 19:50:26.407] [info] [console_user_server] Load /Users/isepp/.config/karabiner/karabiner.json...
[2023-08-30 19:50:26.410] [info] [console_user_server] core_configuration is updated.
[2023-08-30 20:11:03.446] [info] [console_user_server] Load /Users/isepp/.config/karabiner/karabiner.json...
[2023-08-30 20:11:03.448] [info] [console_user_server] core_configuration is updated.
[2023-08-30 20:11:04.314] [info] [console_user_server] Load /Users/isepp/.config/karabiner/karabiner.json...
[2023-08-30 20:11:04.318] [info] [console_user_server] core_configuration is updated.
[2023-08-30 20:11:11.010] [info] [console_user_server] Load /Users/isepp/.config/karabiner/karabiner.json...
[2023-08-30 20:11:11.013] [info] [console_user_server] core_configuration is updated.
[2023-08-30 20:13:45.629] [info] [console_user_server] Load /Users/isepp/.config/karabiner/karabiner.json...
[2023-08-30 20:13:45.631] [info] [console_user_server] core_configuration is updated.
[2023-08-30 20:20:00.574] [info] [console_user_server] Load /Users/isepp/.config/karabiner/karabiner.json...
[2023-08-30 20:20:00.580] [info] [console_user_server] core_configuration is updated.
[2023-08-30 20:21:09.440] [info] [console_user_server] Load /Users/isepp/.config/karabiner/karabiner.json...
[2023-08-30 20:21:09.447] [info] [console_user_server] core_configuration is updated.
[2023-08-30 20:22:19.226] [info] [console_user_server] Load /Users/isepp/.config/karabiner/karabiner.json...
[2023-08-30 20:22:19.234] [info] [console_user_server] core_configuration is updated.
[2023-08-30 20:22:19.637] [info] [console_user_server] Load /Users/isepp/.config/karabiner/karabiner.json...
[2023-08-30 20:22:19.641] [info] [console_user_server] core_configuration is updated.
[2023-08-30 20:22:20.106] [info] [console_user_server] Load /Users/isepp/.config/karabiner/karabiner.json...
[2023-08-30 20:22:20.110] [info] [console_user_server] core_configuration is updated.
[2023-08-30 20:22:50.888] [info] [console_user_server] Load /Users/isepp/.config/karabiner/karabiner.json...
[2023-08-30 20:22:50.895] [info] [console_user_server] core_configuration is updated.
[2023-08-30 20:23:56.016] [info] [console_user_server] Load /Users/isepp/.config/karabiner/karabiner.json...
[2023-08-30 20:23:56.023] [info] [console_user_server] core_configuration is updated.
[2023-08-30 20:35:17.896] [info] [console_user_server] Load /Users/isepp/.config/karabiner/karabiner.json...
[2023-08-30 20:35:17.901] [info] [console_user_server] core_configuration is updated.
[2023-08-30 20:40:56.014] [info] [console_user_server] Load /Users/isepp/.config/karabiner/karabiner.json...
[2023-08-30 20:40:56.021] [info] [console_user_server] core_configuration is updated.
[2023-08-30 20:41:01.932] [info] [console_user_server] Load /Users/isepp/.config/karabiner/karabiner.json...
[2023-08-30 20:41:01.937] [info] [console_user_server] core_configuration is updated.
[2023-08-30 20:41:11.012] [info] [console_user_server] Load /Users/isepp/.config/karabiner/karabiner.json...
[2023-08-30 20:41:11.015] [info] [console_user_server] core_configuration is updated.
[2023-08-30 20:55:43.812] [info] [console_user_server] Load /Users/isepp/.config/karabiner/karabiner.json...
[2023-08-30 20:55:43.817] [info] [console_user_server] core_configuration is updated.
[2023-08-30 21:07:10.994] [info] [console_user_server] Load /Users/isepp/.config/karabiner/karabiner.json...
[2023-08-30 21:07:11.000] [info] [console_user_server] core_configuration is updated.
[2023-08-30 21:10:41.675] [info] [console_user_server] Load /Users/isepp/.config/karabiner/karabiner.json...
[2023-08-30 21:10:41.676] [error] [console_user_server] parse error in /Users/isepp/.config/karabiner/karabiner.json: [json.exception.parse_error.101] parse error at line 2, column 13: syntax error while parsing value - unexpected ':'; expected end of input
[2023-08-30 21:11:22.377] [info] [console_user_server] version 14.12.0
[2023-08-30 21:11:22.601] [info] [console_user_server] on_console_changed: on_console:true
[2023-08-30 21:11:22.602] [info] [console_user_server] grabber_client is started.
[2023-08-30 21:11:22.603] [info] [console_user_server] grabber_client is connected.
[2023-08-30 21:11:22.777] [info] [console_user_server] Load /Users/isepp/.config/karabiner/karabiner.json...
[2023-08-30 21:11:22.778] [error] [console_user_server] parse error in /Users/isepp/.config/karabiner/karabiner.json: [json.exception.parse_error.101] parse error at line 2, column 13: syntax error while parsing value - unexpected ':'; expected end of input
[2023-08-30 21:11:22.778] [info] [console_user_server] core_configuration is updated.
[2023-08-30 21:11:52.905] [info] [console_user_server] Check for updates...
[2023-08-30 21:16:06.337] [info] [console_user_server] Load /Users/isepp/.config/karabiner/karabiner.json...
[2023-08-30 21:16:06.337] [error] [console_user_server] parse error in /Users/isepp/.config/karabiner/karabiner.json: [json.exception.parse_error.101] parse error at line 2, column 13: syntax error while parsing value - unexpected ':'; expected end of input
[2023-08-30 21:16:45.430] [info] [console_user_server] version 14.12.0
[2023-08-30 21:16:45.640] [info] [console_user_server] on_console_changed: on_console:true
[2023-08-30 21:16:45.641] [info] [console_user_server] grabber_client is started.
[2023-08-30 21:16:45.642] [info] [console_user_server] grabber_client is connected.
[2023-08-30 21:16:45.789] [info] [console_user_server] Load /Users/isepp/.config/karabiner/karabiner.json...
[2023-08-30 21:16:45.789] [error] [console_user_server] parse error in /Users/isepp/.config/karabiner/karabiner.json: [json.exception.parse_error.101] parse error at line 2, column 13: syntax error while parsing value - unexpected ':'; expected end of input
[2023-08-30 21:16:45.790] [info] [console_user_server] core_configuration is updated.
[2023-08-30 21:17:15.917] [info] [console_user_server] Check for updates...
[2023-08-30 21:17:38.675] [info] [console_user_server] Load /Users/isepp/.config/karabiner/karabiner.json...
[2023-08-30 21:17:38.676] [info] [console_user_server] core_configuration is updated.
[2023-08-30 21:17:39.667] [info] [console_user_server] Load /Users/isepp/.config/karabiner/karabiner.json...
[2023-08-30 21:17:39.670] [info] [console_user_server] core_configuration is updated.
[2023-08-30 21:17:47.445] [info] [console_user_server] Load /Users/isepp/.config/karabiner/karabiner.json...
[2023-08-30 21:17:47.447] [info] [console_user_server] core_configuration is updated.
[2023-08-30 21:18:22.114] [info] [console_user_server] Load /Users/isepp/.config/karabiner/karabiner.json...
[2023-08-30 21:18:22.121] [info] [console_user_server] core_configuration is updated.
[2023-08-30 21:20:17.702] [info] [console_user_server] Load /Users/isepp/.config/karabiner/karabiner.json...
[2023-08-30 21:20:17.706] [info] [console_user_server] core_configuration is updated.
[2023-08-30 21:21:28.034] [info] [console_user_server] Load /Users/isepp/.config/karabiner/karabiner.json...
[2023-08-30 21:21:28.038] [info] [console_user_server] core_configuration is updated.
[2023-08-30 21:28:04.409] [info] [console_user_server] Load /Users/isepp/.config/karabiner/karabiner.json...
[2023-08-30 21:28:04.416] [info] [console_user_server] core_configuration is updated.
[2023-08-30 21:28:27.497] [info] [console_user_server] Load /Users/isepp/.config/karabiner/karabiner.json...
[2023-08-30 21:28:27.505] [info] [console_user_server] core_configuration is updated.
[2023-08-30 21:29:07.156] [info] [console_user_server] Load /Users/isepp/.config/karabiner/karabiner.json...
[2023-08-30 21:29:07.163] [info] [console_user_server] core_configuration is updated.
[2023-08-30 21:31:21.780] [info] [console_user_server] version 14.12.0
[2023-08-30 21:31:29.228] [info] [console_user_server] on_console_changed: on_console:true
[2023-08-30 21:31:29.230] [info] [console_user_server] grabber_client is started.
[2023-08-30 21:31:29.231] [info] [console_user_server] grabber_client is connected.
[2023-08-30 21:31:30.117] [info] [console_user_server] Load /Users/isepp/.config/karabiner/karabiner.json...
[2023-08-30 21:31:30.121] [info] [console_user_server] core_configuration is updated.
[2023-08-30 21:32:00.298] [info] [console_user_server] Check for updates...
[2023-08-30 21:52:30.571] [info] [console_user_server] Load /Users/isepp/.config/karabiner/karabiner.json...
[2023-08-30 21:52:30.578] [info] [console_user_server] core_configuration is updated.
[2023-08-30 21:53:06.211] [info] [console_user_server] Load /Users/isepp/.config/karabiner/karabiner.json...
[2023-08-30 21:53:06.218] [info] [console_user_server] core_configuration is updated.
[2023-08-30 21:53:33.081] [info] [console_user_server] Load /Users/isepp/.config/karabiner/karabiner.json...
[2023-08-30 21:53:33.087] [info] [console_user_server] core_configuration is updated.
[2023-08-30 21:53:34.016] [info] [console_user_server] Load /Users/isepp/.config/karabiner/karabiner.json...
[2023-08-30 21:53:34.021] [info] [console_user_server] core_configuration is updated.
[2023-08-30 21:55:22.134] [info] [console_user_server] Load /Users/isepp/.config/karabiner/karabiner.json...
[2023-08-30 21:55:22.139] [info] [console_user_server] core_configuration is updated.
[2023-08-30 21:55:30.347] [info] [console_user_server] Load /Users/isepp/.config/karabiner/karabiner.json...
[2023-08-30 21:55:30.354] [info] [console_user_server] core_configuration is updated.
[2023-08-30 21:57:01.463] [info] [console_user_server] Load /Users/isepp/.config/karabiner/karabiner.json...
[2023-08-30 21:57:01.465] [info] [console_user_server] core_configuration is updated.
[2023-08-30 21:57:19.400] [info] [console_user_server] Load /Users/isepp/.config/karabiner/karabiner.json...
[2023-08-30 21:57:19.405] [info] [console_user_server] core_configuration is updated.
[2023-08-30 21:57:36.315] [info] [console_user_server] Load /Users/isepp/.config/karabiner/karabiner.json...
[2023-08-30 21:57:36.320] [info] [console_user_server] core_configuration is updated.
[2023-08-31 17:53:30.994] [info] [console_user_server] version 14.12.0
[2023-08-31 17:53:39.597] [info] [console_user_server] on_console_changed: on_console:true
[2023-08-31 17:53:39.599] [info] [console_user_server] grabber_client is started.
[2023-08-31 17:53:39.601] [info] [console_user_server] grabber_client is connected.
[2023-08-31 17:53:40.016] [info] [console_user_server] Load /Users/isepp/.config/karabiner/karabiner.json...
[2023-08-31 17:53:40.019] [info] [console_user_server] core_configuration is updated.
[2023-08-31 17:54:10.186] [info] [console_user_server] Check for updates...
[2023-08-31 18:21:18.320] [info] [console_user_server] version 14.12.0
[2023-08-31 18:21:18.507] [info] [console_user_server] on_console_changed: on_console:true
[2023-08-31 18:21:18.509] [info] [console_user_server] grabber_client is started.
[2023-08-31 18:21:18.510] [info] [console_user_server] grabber_client is connected.
[2023-08-31 18:21:18.636] [info] [console_user_server] Load /Users/isepp/.config/karabiner/karabiner.json...
[2023-08-31 18:21:18.637] [info] [console_user_server] core_configuration is updated.
[2023-08-31 18:21:48.837] [info] [console_user_server] Check for updates...
[2023-09-01 11:00:15.379] [info] [console_user_server] Load /Users/isepp/.config/karabiner/karabiner.json...
[2023-09-01 11:00:15.386] [info] [console_user_server] core_configuration is updated.
[2023-09-01 11:04:05.809] [info] [console_user_server] Load /Users/isepp/.config/karabiner/karabiner.json...
[2023-09-01 11:04:05.812] [info] [console_user_server] core_configuration is updated.
[2023-09-03 17:28:03.723] [info] [console_user_server] Load /Users/isepp/.config/karabiner/karabiner.json...
[2023-09-03 17:28:03.729] [info] [console_user_server] core_configuration is updated.
[2023-09-03 17:28:32.833] [info] [console_user_server] Load /Users/isepp/.config/karabiner/karabiner.json...
[2023-09-03 17:28:32.839] [info] [console_user_server] core_configuration is updated.
[2023-09-03 17:31:02.393] [info] [console_user_server] Load /Users/isepp/.config/karabiner/karabiner.json...
[2023-09-03 17:31:02.402] [info] [console_user_server] core_configuration is updated.
[2023-09-05 18:36:46.016] [info] [console_user_server] version 14.12.0
[2023-09-05 18:36:46.226] [info] [console_user_server] on_console_changed: on_console:true
[2023-09-05 18:36:46.228] [info] [console_user_server] grabber_client is started.
[2023-09-05 18:36:46.229] [info] [console_user_server] grabber_client is connected.
[2023-09-05 18:36:46.547] [info] [console_user_server] Load /Users/isepp/.config/karabiner/karabiner.json...
[2023-09-05 18:36:46.549] [info] [console_user_server] core_configuration is updated.
[2023-09-05 18:37:16.676] [info] [console_user_server] Check for updates...
[2023-09-05 18:37:35.813] [info] [console_user_server] Load /Users/isepp/.config/karabiner/karabiner.json...
[2023-09-05 18:37:35.819] [info] [console_user_server] core_configuration is updated.
[2023-09-05 18:38:37.096] [info] [console_user_server] Load /Users/isepp/.config/karabiner/karabiner.json...
[2023-09-05 18:38:37.101] [info] [console_user_server] core_configuration is updated.
[2023-09-05 18:38:47.167] [info] [console_user_server] Load /Users/isepp/.config/karabiner/karabiner.json...
[2023-09-05 18:38:47.172] [info] [console_user_server] core_configuration is updated.
[2023-09-05 18:38:58.460] [info] [console_user_server] Load /Users/isepp/.config/karabiner/karabiner.json...
[2023-09-05 18:38:58.470] [info] [console_user_server] core_configuration is updated.
[2023-09-05 18:41:07.129] [info] [console_user_server] Load /Users/isepp/.config/karabiner/karabiner.json...
[2023-09-05 18:41:07.135] [info] [console_user_server] core_configuration is updated.
[2023-09-05 18:41:28.213] [info] [console_user_server] Load /Users/isepp/.config/karabiner/karabiner.json...
[2023-09-05 18:41:28.218] [info] [console_user_server] core_configuration is updated.
[2023-09-05 18:41:37.660] [info] [console_user_server] Load /Users/isepp/.config/karabiner/karabiner.json...
[2023-09-05 18:41:37.667] [info] [console_user_server] core_configuration is updated.
[2023-09-05 18:42:01.723] [info] [console_user_server] Load /Users/isepp/.config/karabiner/karabiner.json...
[2023-09-05 18:42:01.729] [info] [console_user_server] core_configuration is updated.
[2023-09-05 18:43:24.262] [info] [console_user_server] Load /Users/isepp/.config/karabiner/karabiner.json...
[2023-09-05 18:43:24.268] [info] [console_user_server] core_configuration is updated.
[2023-09-05 18:43:27.003] [info] [console_user_server] Load /Users/isepp/.config/karabiner/karabiner.json...
[2023-09-05 18:43:27.006] [info] [console_user_server] core_configuration is updated.
[2023-09-05 18:43:28.087] [info] [console_user_server] Load /Users/isepp/.config/karabiner/karabiner.json...
[2023-09-05 18:43:28.094] [info] [console_user_server] core_configuration is updated.
[2023-09-05 18:43:46.657] [info] [console_user_server] Load /Users/isepp/.config/karabiner/karabiner.json...
[2023-09-05 18:43:46.660] [info] [console_user_server] core_configuration is updated.
[2023-09-05 18:43:47.308] [info] [console_user_server] Load /Users/isepp/.config/karabiner/karabiner.json...
[2023-09-05 18:43:47.312] [info] [console_user_server] core_configuration is updated.
[2023-09-05 18:43:53.066] [info] [console_user_server] Load /Users/isepp/.config/karabiner/karabiner.json...
[2023-09-05 18:43:53.072] [info] [console_user_server] core_configuration is updated.
[2023-09-07 21:18:36.626] [info] [console_user_server] version 14.12.0
[2023-09-07 21:18:36.897] [info] [console_user_server] on_console_changed: on_console:true
[2023-09-07 21:18:36.898] [info] [console_user_server] grabber_client is started.
[2023-09-07 21:18:36.899] [error] [console_user_server] grabber_client connect_failed: Permission denied
[2023-09-07 21:18:37.964] [info] [console_user_server] grabber_client is connected.
[2023-09-07 21:18:38.173] [info] [console_user_server] Load /Users/isepp/.config/karabiner/karabiner.json...
[2023-09-07 21:18:38.176] [info] [console_user_server] core_configuration is updated.
[2023-09-07 21:19:08.311] [info] [console_user_server] Check for updates...
[2023-09-07 21:58:07.473] [info] [console_user_server] version 14.12.0
[2023-09-07 21:58:16.762] [info] [console_user_server] on_console_changed: on_console:true
[2023-09-07 21:58:16.774] [info] [console_user_server] grabber_client is started.
[2023-09-07 21:58:16.775] [info] [console_user_server] grabber_client is connected.
[2023-09-07 21:58:17.024] [info] [console_user_server] Load /Users/isepp/.config/karabiner/karabiner.json...
[2023-09-07 21:58:17.035] [info] [console_user_server] core_configuration is updated.
[2023-09-07 21:58:47.289] [info] [console_user_server] Check for updates...
[2023-09-07 22:14:20.161] [info] [console_user_server] version 14.12.0
[2023-09-07 22:14:27.487] [info] [console_user_server] on_console_changed: on_console:true
[2023-09-07 22:14:27.488] [info] [console_user_server] grabber_client is started.
[2023-09-07 22:14:27.489] [info] [console_user_server] grabber_client is connected.
[2023-09-07 22:14:27.724] [info] [console_user_server] Load /Users/isepp/.config/karabiner/karabiner.json...
[2023-09-07 22:14:27.726] [info] [console_user_server] core_configuration is updated.
[2023-09-07 22:14:57.822] [info] [console_user_server] Check for updates...
[2023-09-07 22:16:05.506] [info] [console_user_server] version 14.12.0
[2023-09-07 22:16:12.108] [info] [console_user_server] on_console_changed: on_console:true
[2023-09-07 22:16:12.109] [info] [console_user_server] grabber_client is started.
[2023-09-07 22:16:12.110] [info] [console_user_server] grabber_client is connected.
[2023-09-07 22:16:12.287] [info] [console_user_server] Load /Users/isepp/.config/karabiner/karabiner.json...
[2023-09-07 22:16:12.290] [info] [console_user_server] core_configuration is updated.
[2023-09-07 22:16:42.437] [info] [console_user_server] Check for updates...
[2023-09-09 15:50:20.689] [info] [console_user_server] Load /Users/isepp/.config/karabiner/karabiner.json...
[2023-09-09 15:50:20.695] [info] [console_user_server] core_configuration is updated.
[2023-09-09 15:56:28.715] [info] [console_user_server] Load /Users/isepp/.config/karabiner/karabiner.json...
[2023-09-09 15:56:28.720] [info] [console_user_server] core_configuration is updated.
[2023-09-12 18:21:28.271] [info] [console_user_server] Load /Users/isepp/.config/karabiner/karabiner.json...
[2023-09-12 18:21:28.274] [info] [console_user_server] core_configuration is updated.
[2023-09-12 18:23:22.162] [info] [console_user_server] Load /Users/isepp/.config/karabiner/karabiner.json...
[2023-09-12 18:23:22.168] [info] [console_user_server] core_configuration is updated.
[2023-09-12 18:23:27.779] [info] [console_user_server] Load /Users/isepp/.config/karabiner/karabiner.json...
[2023-09-12 18:23:27.785] [info] [console_user_server] core_configuration is updated.
[2023-09-12 18:23:43.699] [info] [console_user_server] Load /Users/isepp/.config/karabiner/karabiner.json...
[2023-09-12 18:23:43.705] [info] [console_user_server] core_configuration is updated.
[2023-09-12 18:25:00.037] [info] [console_user_server] Load /Users/isepp/.config/karabiner/karabiner.json...
[2023-09-12 18:25:00.043] [info] [console_user_server] core_configuration is updated.
[2023-09-12 18:25:18.324] [info] [console_user_server] Load /Users/isepp/.config/karabiner/karabiner.json...
[2023-09-12 18:25:18.332] [info] [console_user_server] core_configuration is updated.
[2023-09-12 18:27:24.752] [info] [console_user_server] Load /Users/isepp/.config/karabiner/karabiner.json...
[2023-09-12 18:27:24.759] [info] [console_user_server] core_configuration is updated.
[2023-09-12 18:27:25.751] [info] [console_user_server] Load /Users/isepp/.config/karabiner/karabiner.json...
[2023-09-12 18:27:25.755] [info] [console_user_server] core_configuration is updated.
[2023-09-12 18:27:29.035] [info] [console_user_server] Load /Users/isepp/.config/karabiner/karabiner.json...
[2023-09-12 18:27:29.041] [info] [console_user_server] core_configuration is updated.
[2023-09-12 18:28:13.831] [info] [console_user_server] Load /Users/isepp/.config/karabiner/karabiner.json...
[2023-09-12 18:28:13.838] [info] [console_user_server] core_configuration is updated.
[2023-09-12 18:28:16.333] [info] [console_user_server] Load /Users/isepp/.config/karabiner/karabiner.json...
[2023-09-12 18:28:16.340] [info] [console_user_server] core_configuration is updated.
[2023-09-12 18:28:19.299] [info] [console_user_server] Load /Users/isepp/.config/karabiner/karabiner.json...
[2023-09-12 18:28:19.304] [info] [console_user_server] core_configuration is updated.
[2023-09-12 18:28:25.347] [info] [console_user_server] Load /Users/isepp/.config/karabiner/karabiner.json...
[2023-09-12 18:28:25.357] [info] [console_user_server] core_configuration is updated.
[2023-09-12 18:30:06.359] [info] [console_user_server] Load /Users/isepp/.config/karabiner/karabiner.json...
[2023-09-12 18:30:06.368] [info] [console_user_server] core_configuration is updated.
[2023-09-12 18:30:06.965] [info] [console_user_server] Load /Users/isepp/.config/karabiner/karabiner.json...
[2023-09-12 18:30:06.971] [info] [console_user_server] core_configuration is updated.
[2023-09-12 18:31:23.663] [info] [console_user_server] Load /Users/isepp/.config/karabiner/karabiner.json...
[2023-09-12 18:31:23.669] [info] [console_user_server] core_configuration is updated.
[2023-09-12 18:36:47.578] [info] [console_user_server] version 14.12.0
[2023-09-12 18:36:47.787] [info] [console_user_server] on_console_changed: on_console:true
[2023-09-12 18:36:47.790] [info] [console_user_server] grabber_client is started.
[2023-09-12 18:36:47.791] [info] [console_user_server] grabber_client is connected.
[2023-09-12 18:36:48.155] [info] [console_user_server] Load /Users/isepp/.config/karabiner/karabiner.json...
[2023-09-12 18:36:48.156] [info] [console_user_server] core_configuration is updated.
[2023-09-12 18:37:11.946] [info] [console_user_server] Load /Users/isepp/.config/karabiner/karabiner.json...
[2023-09-12 18:37:11.953] [info] [console_user_server] core_configuration is updated.
[2023-09-12 18:37:15.137] [info] [console_user_server] Load /Users/isepp/.config/karabiner/karabiner.json...
[2023-09-12 18:37:15.142] [info] [console_user_server] core_configuration is updated.
[2023-09-12 18:37:18.278] [info] [console_user_server] Check for updates...
[2023-09-12 18:37:27.925] [info] [console_user_server] Load /Users/isepp/.config/karabiner/karabiner.json...
[2023-09-12 18:37:27.931] [info] [console_user_server] core_configuration is updated.
[2023-09-12 18:39:23.667] [info] [console_user_server] Load /Users/isepp/.config/karabiner/karabiner.json...
[2023-09-12 18:39:23.674] [info] [console_user_server] core_configuration is updated.
[2023-09-12 18:39:24.118] [info] [console_user_server] Load /Users/isepp/.config/karabiner/karabiner.json...
[2023-09-12 18:39:24.121] [info] [console_user_server] core_configuration is updated.
[2023-09-12 19:30:51.047] [info] [console_user_server] version 14.12.0
[2023-09-12 19:30:51.261] [info] [console_user_server] on_console_changed: on_console:true
[2023-09-12 19:30:51.262] [info] [console_user_server] grabber_client is started.
[2023-09-12 19:30:51.263] [info] [console_user_server] grabber_client is connected.
[2023-09-12 19:30:51.682] [info] [console_user_server] Load /Users/isepp/.config/karabiner/karabiner.json...
[2023-09-12 19:30:51.684] [info] [console_user_server] core_configuration is updated.
[2023-09-12 19:31:21.847] [info] [console_user_server] Check for updates...
[2023-09-20 20:06:18.491] [info] [console_user_server] Load /Users/isepp/.config/karabiner/karabiner.json...
[2023-09-20 20:06:18.503] [info] [console_user_server] core_configuration is updated.
[2023-09-20 20:06:45.162] [info] [console_user_server] Load /Users/isepp/.config/karabiner/karabiner.json...
[2023-09-20 20:06:45.168] [info] [console_user_server] core_configuration is updated.
[2023-09-21 11:49:18.359] [info] [console_user_server] version 14.12.0
[2023-09-21 11:49:26.942] [info] [console_user_server] on_console_changed: on_console:true
[2023-09-21 11:49:26.952] [info] [console_user_server] grabber_client is started.
[2023-09-21 11:49:26.954] [info] [console_user_server] grabber_client is connected.
[2023-09-21 11:49:27.376] [info] [console_user_server] Load /Users/isepp/.config/karabiner/karabiner.json...
[2023-09-21 11:49:27.390] [info] [console_user_server] core_configuration is updated.
[2023-09-21 11:49:57.655] [info] [console_user_server] Check for updates...
[2023-09-23 22:30:19.608] [info] [console_user_server] Load /Users/isepp/.config/karabiner/karabiner.json...
[2023-09-23 22:30:19.616] [info] [console_user_server] core_configuration is updated.
[2023-09-29 17:56:03.272] [info] [console_user_server] Load /Users/isepp/.config/karabiner/karabiner.json...
[2023-09-29 17:56:03.281] [info] [console_user_server] core_configuration is updated.
[2023-09-29 17:56:29.205] [info] [console_user_server] Load /Users/isepp/.config/karabiner/karabiner.json...
[2023-09-29 17:56:29.208] [info] [console_user_server] core_configuration is updated.
[2023-09-29 18:01:52.952] [info] [console_user_server] Load /Users/isepp/.config/karabiner/karabiner.json...
[2023-09-29 18:01:52.958] [info] [console_user_server] core_configuration is updated.
[2023-09-29 18:03:52.521] [info] [console_user_server] Load /Users/isepp/.config/karabiner/karabiner.json...
[2023-09-29 18:03:52.528] [info] [console_user_server] core_configuration is updated.
[2023-09-29 18:04:12.480] [info] [console_user_server] Load /Users/isepp/.config/karabiner/karabiner.json...
[2023-09-29 18:04:12.483] [info] [console_user_server] core_configuration is updated.
[2023-09-29 18:04:18.430] [info] [console_user_server] Load /Users/isepp/.config/karabiner/karabiner.json...
[2023-09-29 18:04:18.432] [info] [console_user_server] core_configuration is updated.
[2023-09-29 18:04:50.858] [info] [console_user_server] Load /Users/isepp/.config/karabiner/karabiner.json...
[2023-09-29 18:04:50.864] [info] [console_user_server] core_configuration is updated.
[2023-09-29 18:05:22.540] [info] [console_user_server] Load /Users/isepp/.config/karabiner/karabiner.json...
[2023-09-29 18:05:22.546] [info] [console_user_server] core_configuration is updated.
[2023-09-29 18:05:27.652] [info] [console_user_server] Load /Users/isepp/.config/karabiner/karabiner.json...
[2023-09-29 18:05:27.658] [info] [console_user_server] core_configuration is updated.
[2023-09-29 18:05:35.363] [info] [console_user_server] Load /Users/isepp/.config/karabiner/karabiner.json...
[2023-09-29 18:05:35.369] [info] [console_user_server] core_configuration is updated.
[2023-09-29 18:05:41.389] [info] [console_user_server] Load /Users/isepp/.config/karabiner/karabiner.json...
[2023-09-29 18:05:41.395] [info] [console_user_server] core_configuration is updated.
[2023-09-29 18:07:43.491] [info] [console_user_server] Load /Users/isepp/.config/karabiner/karabiner.json...
[2023-09-29 18:07:43.497] [info] [console_user_server] core_configuration is updated.
[2023-09-29 18:08:19.192] [info] [console_user_server] Load /Users/isepp/.config/karabiner/karabiner.json...
[2023-09-29 18:08:19.198] [info] [console_user_server] core_configuration is updated.
[2023-09-29 18:08:27.107] [info] [console_user_server] Load /Users/isepp/.config/karabiner/karabiner.json...
[2023-09-29 18:08:27.115] [info] [console_user_server] core_configuration is updated.
[2023-09-29 18:08:35.676] [info] [console_user_server] Load /Users/isepp/.config/karabiner/karabiner.json...
[2023-09-29 18:08:35.681] [info] [console_user_server] core_configuration is updated.
[2023-09-29 18:08:39.329] [info] [console_user_server] Load /Users/isepp/.config/karabiner/karabiner.json...
[2023-09-29 18:08:39.335] [info] [console_user_server] core_configuration is updated.
[2023-09-29 18:08:57.388] [info] [console_user_server] Load /Users/isepp/.config/karabiner/karabiner.json...
[2023-09-29 18:08:57.395] [info] [console_user_server] core_configuration is updated.
[2023-09-29 18:09:14.575] [info] [console_user_server] Load /Users/isepp/.config/karabiner/karabiner.json...
[2023-09-29 18:09:14.579] [info] [console_user_server] core_configuration is updated.
[2023-09-29 18:09:46.941] [info] [console_user_server] Load /Users/isepp/.config/karabiner/karabiner.json...
[2023-09-29 18:09:46.948] [info] [console_user_server] core_configuration is updated.
[2023-09-29 18:10:40.011] [info] [console_user_server] Load /Users/isepp/.config/karabiner/karabiner.json...
[2023-09-29 18:10:40.016] [info] [console_user_server] core_configuration is updated.
[2023-09-29 18:11:44.041] [info] [console_user_server] Load /Users/isepp/.config/karabiner/karabiner.json...
[2023-09-29 18:11:44.047] [info] [console_user_server] core_configuration is updated.
[2023-09-29 18:12:03.636] [info] [console_user_server] Load /Users/isepp/.config/karabiner/karabiner.json...
[2023-09-29 18:12:03.643] [info] [console_user_server] core_configuration is updated.
[2023-09-29 18:12:18.972] [info] [console_user_server] Load /Users/isepp/.config/karabiner/karabiner.json...
[2023-09-29 18:12:18.978] [info] [console_user_server] core_configuration is updated.
[2023-09-29 18:12:27.286] [info] [console_user_server] Load /Users/isepp/.config/karabiner/karabiner.json...
[2023-09-29 18:12:27.293] [info] [console_user_server] core_configuration is updated.
[2023-09-29 18:12:45.885] [info] [console_user_server] Load /Users/isepp/.config/karabiner/karabiner.json...
[2023-09-29 18:12:45.891] [info] [console_user_server] core_configuration is updated.
[2023-09-29 18:12:59.047] [info] [console_user_server] Load /Users/isepp/.config/karabiner/karabiner.json...
[2023-09-29 18:12:59.054] [info] [console_user_server] core_configuration is updated.
[2023-09-29 18:12:59.815] [info] [console_user_server] Load /Users/isepp/.config/karabiner/karabiner.json...
[2023-09-29 18:12:59.821] [info] [console_user_server] core_configuration is updated.
