2023-06-03 23:20:15 INFO run.py:219 GNS3 server version 2.2.39
2023-06-03 23:20:15 INFO run.py:221 Copyright (c) 2007-2023 GNS3 Technologies Inc.
2023-06-03 23:20:15 INFO run.py:224 Config file /Users/isepp/.config/GNS3/2.2/gns3_server.conf loaded
2023-06-03 23:20:15 WARNING run.py:230 Local mode is enabled. Beware, clients will have full control on your filesystem
2023-06-03 23:20:15 INFO run.py:237 HTTP authentication is enabled with username 'admin'
2023-06-03 23:20:15 INFO run.py:243 Running with Python 3.9.5 and has PID 27047
2023-06-03 23:20:16 WARNING __init__.py:385 Config disk: image 'config.img' missing
2023-06-03 23:20:16 INFO web_server.py:318 Starting server on localhost:3080
2023-06-03 23:20:16 INFO __init__.py:70 Load controller configuration file /Users/isepp/.config/GNS3/2.2/gns3_controller.conf
2023-06-03 23:20:16 INFO __init__.py:74 Controller is starting
2023-06-03 23:20:16 INFO __init__.py:309 Installing base configs in '/Users/isepp/GNS3/configs'
2023-06-03 23:20:16 INFO __init__.py:322 Installing built-in disks in '/Users/isepp/GNS3/images/QEMU'
2023-06-03 23:20:16 INFO compute.py:64 Create compute local
2023-06-03 23:20:16 INFO compute.py:364 Connecting to compute 'local'
2023-06-03 23:20:16 INFO web_log.py:206 ::1 [04/Jun/2023:06:20:16 +0000] "GET /v2/compute/capabilities HTTP/1.1" 200 520 "-" "Python/3.9 aiohttp/3.8.4"
2023-06-03 23:20:16 INFO notification_handler.py:50 New client has connected to compute WebSocket
2023-06-03 23:20:16 INFO compute.py:431 Connected to compute 'local' WebSocket 'http://localhost:3080/v2/compute/notifications/ws'
2023-06-03 23:20:16 INFO web_log.py:206 ::1 [04/Jun/2023:06:20:16 +0000] "GET /v2/version HTTP/1.1" 200 227 "-" "GNS3 QT Client v2.2.39"
2023-06-03 23:20:16 INFO web_log.py:206 ::1 [04/Jun/2023:06:20:16 +0000] "GET /v2/version HTTP/1.1" 200 227 "-" "GNS3 QT Client v2.2.39"
2023-06-03 23:20:16 INFO notification_handler.py:73 New client has connected to controller WebSocket
2023-06-03 23:20:16 INFO web_log.py:206 ::1 [04/Jun/2023:06:20:16 +0000] "GET /v2/templates HTTP/1.1" 200 2501 "-" "GNS3 QT Client v2.2.39"
2023-06-03 23:20:16 INFO web_log.py:206 ::1 [04/Jun/2023:06:20:16 +0000] "GET /v2/computes HTTP/1.1" 200 978 "-" "GNS3 QT Client v2.2.39"
2023-06-03 23:20:16 INFO web_log.py:206 ::1 [04/Jun/2023:06:20:16 +0000] "GET /v2/projects HTTP/1.1" 200 183 "-" "GNS3 QT Client v2.2.39"
2023-06-03 23:20:16 INFO web_log.py:206 ::1 [04/Jun/2023:06:20:16 +0000] "GET /v2/projects HTTP/1.1" 200 183 "-" "GNS3 QT Client v2.2.39"
2023-06-03 23:20:16 INFO web_log.py:206 ::1 [04/Jun/2023:06:20:16 +0000] "GET /v2/appliances?symbol_theme=Classic HTTP/1.1" 200 938689 "-" "GNS3 QT Client v2.2.39"
2023-06-03 23:20:16 INFO web_log.py:206 ::1 [04/Jun/2023:06:20:16 +0000] "GET /v2/symbols/%3A/symbols/hub.svg/raw HTTP/1.1" 200 7636 "-" "GNS3 QT Client v2.2.39"
2023-06-03 23:20:16 INFO web_log.py:206 ::1 [04/Jun/2023:06:20:16 +0000] "GET /v2/symbols/%3A/symbols/ethernet_switch.svg/raw HTTP/1.1" 200 9273 "-" "GNS3 QT Client v2.2.39"
2023-06-03 23:20:16 INFO web_log.py:206 ::1 [04/Jun/2023:06:20:16 +0000] "GET /v2/symbols/%3A/symbols/frame_relay_switch.svg/raw HTTP/1.1" 200 10027 "-" "GNS3 QT Client v2.2.39"
2023-06-03 23:20:16 INFO web_log.py:206 ::1 [04/Jun/2023:06:20:16 +0000] "GET /v2/symbols/%3A/symbols/vpcs_guest.svg/raw HTTP/1.1" 200 19495 "-" "GNS3 QT Client v2.2.39"
2023-06-03 23:20:16 INFO web_log.py:206 ::1 [04/Jun/2023:06:20:16 +0000] "GET /v2/symbols/%3A/symbols/cloud.svg/raw HTTP/1.1" 200 27982 "-" "GNS3 QT Client v2.2.39"
2023-06-03 23:20:16 INFO web_log.py:206 ::1 [04/Jun/2023:06:20:16 +0000] "GET /v2/symbols/%3A/symbols/atm_switch.svg/raw HTTP/1.1" 200 9959 "-" "GNS3 QT Client v2.2.39"
2023-06-03 23:20:21 INFO web_log.py:206 ::1 [04/Jun/2023:06:20:21 +0000] "GET /v2/templates HTTP/1.1" 200 2501 "-" "GNS3 QT Client v2.2.39"
2023-06-03 23:20:21 INFO server_handler.py:53 Start shutting down the server
2023-06-03 23:20:21 INFO web_log.py:206 ::1 [04/Jun/2023:06:20:21 +0000] "POST /v2/shutdown HTTP/1.1" 201 194 "-" "GNS3 QT Client v2.2.39"
2023-06-03 23:20:21 INFO web_server.py:113 Closing 2 websocket connections...
2023-06-03 23:20:21 INFO web_log.py:206 ::1 [04/Jun/2023:06:20:21 +0000] "GET /v2/appliances?symbol_theme=Classic HTTP/1.1" 200 938689 "-" "GNS3 QT Client v2.2.39"
2023-06-03 23:20:21 INFO compute.py:457 Connection closed to compute 'local' WebSocket 'http://localhost:3080/v2/compute/notifications/ws'
2023-06-03 23:20:21 INFO notification_handler.py:82 Client has disconnected from controller WebSocket
2023-06-03 23:20:21 INFO web_log.py:206 ::1 [04/Jun/2023:06:20:16 +0000] "GET /v2/notifications/ws HTTP/1.1" 200 0 "-" "-"
2023-06-03 23:20:21 INFO notification_handler.py:59 Client has disconnected from compute WebSocket
2023-06-03 23:20:21 INFO web_log.py:206 127.0.0.1 [04/Jun/2023:06:20:16 +0000] "GET /v2/compute/notifications/ws HTTP/1.1" 200 0 "-" "Python/3.9 aiohttp/3.8.4"
2023-06-03 23:20:21 INFO __init__.py:146 Controller is stopping
2023-06-03 23:20:21 INFO run.py:272 Remove PID file /Users/isepp/.config/GNS3/2.2/gns3_server.pid
